0 info it worked if it ends with ok
1 verbose cli [ '/usr/local/Cellar/node/6.3.0/bin/node',
1 verbose cli   '/usr/local/bin/npm',
1 verbose cli   'install',
1 verbose cli   'touch',
1 verbose cli   '.getigrnore' ]
2 info using npm@3.10.3
3 info using node@v6.3.0
4 silly loadCurrentTree Starting
5 silly install loadCurrentTree
6 silly install readLocalPackageData
7 silly fetchPackageMetaData touch
8 silly fetchPackageMetaData .getigrnore
9 silly fetchNamedPackageData touch
10 silly mapToRegistry name touch
11 silly mapToRegistry using default registry
12 silly mapToRegistry registry https://registry.npmjs.org/
13 silly mapToRegistry data Result {
13 silly mapToRegistry   raw: 'touch',
13 silly mapToRegistry   scope: null,
13 silly mapToRegistry   escapedName: 'touch',
13 silly mapToRegistry   name: 'touch',
13 silly mapToRegistry   rawSpec: '',
13 silly mapToRegistry   spec: 'latest',
13 silly mapToRegistry   type: 'tag' }
14 silly mapToRegistry uri https://registry.npmjs.org/touch
15 silly fetchOtherPackageData .getigrnore
16 silly cache add args [ '.getigrnore', null ]
17 verbose cache add spec .getigrnore
18 silly cache add parsed spec Result {
18 silly cache add   raw: '.getigrnore',
18 silly cache add   scope: null,
18 silly cache add   escapedName: null,
18 silly cache add   name: null,
18 silly cache add   rawSpec: '.getigrnore',
18 silly cache add   spec: '/Users/eddierishwain/Desktop/team_eddie/rock_paper_scissors/.getigrnore',
18 silly cache add   type: 'local' }
19 error addLocal Could not install /Users/eddierishwain/Desktop/team_eddie/rock_paper_scissors/.getigrnore
20 silly fetchPackageMetaData Error: ENOENT: no such file or directory, open '/Users/eddierishwain/Desktop/team_eddie/rock_paper_scissors/.getigrnore'
20 silly fetchPackageMetaData     at Error (native)
20 silly fetchPackageMetaData  error for .getigrnore { Error: ENOENT: no such file or directory, open '/Users/eddierishwain/Desktop/team_eddie/rock_paper_scissors/.getigrnore'
20 silly fetchPackageMetaData     at Error (native)
20 silly fetchPackageMetaData   errno: -2,
20 silly fetchPackageMetaData   code: 'ENOENT',
20 silly fetchPackageMetaData   syscall: 'open',
20 silly fetchPackageMetaData   path: '/Users/eddierishwain/Desktop/team_eddie/rock_paper_scissors/.getigrnore' }
21 verbose request uri https://registry.npmjs.org/touch
22 verbose request no auth needed
23 info attempt registry request try #1 at 2:51:26 PM
24 verbose request id 2c22e3f3abf4afe5
25 http request GET https://registry.npmjs.org/touch
26 http 200 https://registry.npmjs.org/touch
27 verbose headers { server: 'CouchDB/1.5.0 (Erlang OTP/R16B03)',
27 verbose headers   etag: '"6SM3SDJLMQE3J1WUXXYEM8UPS"',
27 verbose headers   'content-type': 'application/json',
27 verbose headers   'content-encoding': 'gzip',
27 verbose headers   'cache-control': 'max-age=300',
27 verbose headers   'content-length': '1629',
27 verbose headers   'accept-ranges': 'bytes',
27 verbose headers   date: 'Wed, 03 Aug 2016 21:51:33 GMT',
27 verbose headers   via: '1.1 varnish',
27 verbose headers   age: '126',
27 verbose headers   connection: 'keep-alive',
27 verbose headers   'x-served-by': 'cache-ord1748-ORD',
27 verbose headers   'x-cache': 'HIT',
27 verbose headers   'x-cache-hits': '1',
27 verbose headers   'x-timer': 'S1470261093.567888,VS0,VE0',
27 verbose headers   vary: 'Accept-Encoding' }
28 silly get cb [ 200,
28 silly get   { server: 'CouchDB/1.5.0 (Erlang OTP/R16B03)',
28 silly get     etag: '"6SM3SDJLMQE3J1WUXXYEM8UPS"',
28 silly get     'content-type': 'application/json',
28 silly get     'content-encoding': 'gzip',
28 silly get     'cache-control': 'max-age=300',
28 silly get     'content-length': '1629',
28 silly get     'accept-ranges': 'bytes',
28 silly get     date: 'Wed, 03 Aug 2016 21:51:33 GMT',
28 silly get     via: '1.1 varnish',
28 silly get     age: '126',
28 silly get     connection: 'keep-alive',
28 silly get     'x-served-by': 'cache-ord1748-ORD',
28 silly get     'x-cache': 'HIT',
28 silly get     'x-cache-hits': '1',
28 silly get     'x-timer': 'S1470261093.567888,VS0,VE0',
28 silly get     vary: 'Accept-Encoding' } ]
29 verbose get saving touch to /Users/eddierishwain/.npm/registry.npmjs.org/touch/.cache.json
30 verbose correctMkdir /Users/eddierishwain/.npm correctMkdir not in flight; initializing
31 silly rollbackFailedOptional Starting
32 silly rollbackFailedOptional Finishing
33 silly runTopLevelLifecycles Starting
34 silly runTopLevelLifecycles Finishing
35 silly install printInstalled
36 verbose stack Error: ENOENT: no such file or directory, open '/Users/eddierishwain/Desktop/team_eddie/rock_paper_scissors/.getigrnore'
36 verbose stack     at Error (native)
37 verbose cwd /Users/eddierishwain/Desktop/team_eddie/rock_paper_scissors
38 error Darwin 14.5.0
39 error argv "/usr/local/Cellar/node/6.3.0/bin/node" "/usr/local/bin/npm" "install" "touch" ".getigrnore"
40 error node v6.3.0
41 error npm  v3.10.3
42 error path /Users/eddierishwain/Desktop/team_eddie/rock_paper_scissors/.getigrnore
43 error code ENOENT
44 error errno -2
45 error syscall open
46 error enoent ENOENT: no such file or directory, open '/Users/eddierishwain/Desktop/team_eddie/rock_paper_scissors/.getigrnore'
47 error enoent ENOENT: no such file or directory, open '/Users/eddierishwain/Desktop/team_eddie/rock_paper_scissors/.getigrnore'
47 error enoent This is most likely not a problem with npm itself
47 error enoent and is related to npm not being able to find a file.
48 verbose exit [ -2, true ]
